[33mWARN[0m[2024-03-11 08:39:31] not enable search                            
[33mWARN[0m[2024-03-11 08:41:29] not enable search                            
[36mINFO[0m[2024-03-11 08:41:29] closing db                                   
[33mWARN[0m[2024-03-11 08:41:38] not enable search                            
[36mINFO[0m[2024-03-11 08:41:38] closing db                                   
[33mWARN[0m[2024-03-11 08:42:39] not enable search                            
[GIN] 2024/03/11 - 08:42:50 | 200 |            0s |             ::1 | GET      "/"
[GIN] 2024/03/11 - 08:42:50 | 200 |       443.2µs |             ::1 | GET      "/api/public/settings"
[GIN] 2024/03/11 - 08:42:50 | 200 |       660.1µs |             ::1 | GET      "/api/me"
[33mWARN[0m[2024-03-11 08:42:56] not enable search                            
[GIN] 2024/03/11 - 08:42:56 | 200 |            0s |             ::1 | POST     "/api/admin/user/del_cache?username=admin"
[36mINFO[0m[2024-03-11 08:42:56] closing db                                   
[GIN] 2024/03/11 - 08:43:07 | 200 |        63.1µs |             ::1 | POST     "/api/auth/login/hash"
[GIN] 2024/03/11 - 08:43:30 | 200 |       569.8µs |             ::1 | POST     "/api/auth/login/hash"
[GIN] 2024/03/11 - 08:43:30 | 200 |       870.4µs |             ::1 | GET      "/api/me"
[GIN] 2024/03/11 - 08:43:30 | 200 |       225.1µs |             ::1 | GET      "/assets/Layout.7bf6e35a.js"
[GIN] 2024/03/11 - 08:43:30 | 200 |       999.1µs |             ::1 | GET      "/assets/FolderTree.bc0bb1c2.js"
[GIN] 2024/03/11 - 08:43:30 | 200 |            0s |             ::1 | GET      "/assets/index.6e7284c8.js"
[GIN] 2024/03/11 - 08:43:30 | 200 |       279.5µs |             ::1 | GET      "/assets/index.1c00cb52.js"
[GIN] 2024/03/11 - 08:43:30 | 200 |            0s |             ::1 | GET      "/api/public/offline_download_tools"
[31mERRO[0m[2024-03-11 08:43:30] failed list /: storage not found; please add a storage first
failed get storage 
[GIN] 2024/03/11 - 08:43:30 | 200 |       393.4µs |             ::1 | POST     "/api/fs/get"
[31mERRO[0m[2024-03-11 08:43:30] failed list /: storage not found; please add a storage first
failed get storage 
[GIN] 2024/03/11 - 08:43:30 | 200 |       801.6µs |             ::1 | POST     "/api/fs/list"
[33mWARN[0m[2024-03-11 08:43:35] not enable search                            
[GIN] 2024/03/11 - 08:43:35 | 200 |            0s |             ::1 | POST     "/api/admin/user/del_cache?username=admin"
[36mINFO[0m[2024-03-11 08:43:35] closing db                                   
[GIN] 2024/03/11 - 08:43:43 | 200 |       396.7µs |             ::1 | GET      "/api/me"
[GIN] 2024/03/11 - 08:43:52 | 200 |       739.3µs |             ::1 | POST     "/api/auth/login/hash"
[GIN] 2024/03/11 - 08:44:03 | 200 |            0s |             ::1 | POST     "/api/auth/login/hash"
[GIN] 2024/03/11 - 08:44:03 | 200 |       601.7µs |             ::1 | GET      "/api/me"
[GIN] 2024/03/11 - 08:44:03 | 200 |       117.1µs |             ::1 | GET      "/assets/index.2d8bd5d3.js"
[GIN] 2024/03/11 - 08:44:03 | 200 |            0s |             ::1 | GET      "/assets/index.1aed234b.js"
[GIN] 2024/03/11 - 08:44:03 | 200 |       127.4µs |             ::1 | GET      "/assets/Profile.83b1c34c.js"
[GIN] 2024/03/11 - 08:44:23 | 200 |       830.3µs |             ::1 | POST     "/api/me/update"
[GIN] 2024/03/11 - 08:44:37 | 200 |       571.3µs |             ::1 | POST     "/api/auth/login/hash"
[GIN] 2024/03/11 - 08:44:37 | 200 |       114.9µs |             ::1 | GET      "/api/me"
[33mWARN[0m[2024-03-11 08:44:46] not enable search                            
[GIN] 2024/03/11 - 08:44:46 | 200 |       639.7µs |       127.0.0.1 | GET      "/@manage"
[GIN] 2024/03/11 - 08:44:46 | 200 |       814.6µs |       127.0.0.1 | GET      "/api/public/settings"
[GIN] 2024/03/11 - 08:44:46 | 200 |       294.6µs |       127.0.0.1 | GET      "/api/me"
[GIN] 2024/03/11 - 08:44:52 | 200 |      1.0663ms |       127.0.0.1 | GET      "/@manage"
[GIN] 2024/03/11 - 08:44:52 | 200 |       836.6µs |       127.0.0.1 | GET      "/api/public/settings"
[GIN] 2024/03/11 - 08:44:52 | 200 |       728.4µs |       127.0.0.1 | GET      "/api/me"
[GIN] 2024/03/11 - 08:46:16 | 200 |       136.2µs |             ::1 | GET      "/assets/SettingItem.4cbcb510.js"
[GIN] 2024/03/11 - 08:46:16 | 200 |            0s |             ::1 | GET      "/assets/item_type.be442da4.js"
[GIN] 2024/03/11 - 08:46:16 | 200 |            0s |       127.0.0.1 | GET      "/assets/Common.aa72b811.js"
[GIN] 2024/03/11 - 08:46:16 | 200 |            0s |             ::1 | GET      "/assets/ResponsiveGrid.6bd71fc6.js"
[GIN] 2024/03/11 - 08:46:16 | 200 |       984.2µs |             ::1 | GET      "/api/admin/setting/list?group=1"
[GIN] 2024/03/11 - 08:46:33 | 200 |      1.1032ms |             ::1 | POST     "/api/admin/setting/save"
[GIN] 2024/03/11 - 08:46:34 | 200 |       262.4µs |             ::1 | GET      "/api/admin/setting/list?group=2"
[GIN] 2024/03/11 - 08:46:53 | 200 |       1.568ms |             ::1 | POST     "/api/admin/setting/save"
[GIN] 2024/03/11 - 08:46:55 | 200 |       975.6µs |             ::1 | GET      "/api/admin/setting/list?group=3"
[GIN] 2024/03/11 - 08:46:58 | 200 |         915µs |             ::1 | GET      "/api/admin/setting/list?group=4"
[GIN] 2024/03/11 - 08:47:05 | 200 |      1.0012ms |             ::1 | GET      "/api/admin/setting/list?group=7"
[GIN] 2024/03/11 - 08:47:20 | 200 |       739.4µs |             ::1 | GET      "/assets/Other.a5477fe9.js"
[GIN] 2024/03/11 - 08:47:20 | 200 |       617.9µs |             ::1 | GET      "/api/admin/setting/list?groups=5,0"
[GIN] 2024/03/11 - 08:47:25 | 200 |      1.0007ms |             ::1 | GET      "/assets/Wether.a0c6b2a0.js"
[GIN] 2024/03/11 - 08:47:25 | 200 |       461.3µs |       127.0.0.1 | GET      "/assets/DeletePopover.0a727905.js"
[GIN] 2024/03/11 - 08:47:25 | 200 |            0s |             ::1 | GET      "/assets/Users.442d1e0e.js"
[GIN] 2024/03/11 - 08:47:25 | 200 |         154µs |             ::1 | GET      "/api/admin/user/list"
[GIN] 2024/03/11 - 08:47:35 | 200 |       721.8µs |             ::1 | GET      "/assets/AddOrEdit.0936f011.js"
[GIN] 2024/03/11 - 08:47:35 | 200 |       111.8µs |             ::1 | GET      "/api/admin/user/get?id=1"
[GIN] 2024/03/11 - 08:47:45 | 200 |       829.5µs |             ::1 | GET      "/assets/Storages.c4f55f47.js"
[GIN] 2024/03/11 - 08:47:46 | 200 |       138.7µs |       127.0.0.1 | GET      "/api/admin/storage/list"
[GIN] 2024/03/11 - 08:47:46 | 200 |       549.6µs |             ::1 | GET      "/api/admin/driver/names"
[GIN] 2024/03/11 - 08:47:51 | 200 |            0s |             ::1 | GET      "/assets/AddOrEdit.8a04c518.js"
[GIN] 2024/03/11 - 08:47:51 | 200 |      1.4293ms |             ::1 | GET      "/api/admin/driver/list"
[GIN] 2024/03/11 - 08:49:09 | 200 |    118.3821ms |             ::1 | POST     "/api/admin/storage/create"
[GIN] 2024/03/11 - 08:49:09 | 200 |      1.0009ms |             ::1 | GET      "/api/admin/driver/names"
[GIN] 2024/03/11 - 08:49:09 | 200 |         481µs |       127.0.0.1 | GET      "/api/admin/storage/list"
[GIN] 2024/03/11 - 08:49:13 | 200 |            0s |       127.0.0.1 | GET      "/assets/Metas.342fccd8.js"
[GIN] 2024/03/11 - 08:49:13 | 200 |       259.5µs |       127.0.0.1 | GET      "/api/admin/meta/list"
[GIN] 2024/03/11 - 08:49:19 | 200 |            0s |       127.0.0.1 | GET      "/assets/AddOrEdit.74a46fd0.js"
[GIN] 2024/03/11 - 08:49:24 | 200 |       991.4µs |       127.0.0.1 | POST     "/api/fs/dirs"
[GIN] 2024/03/11 - 08:49:26 | 200 |    345.1267ms |       127.0.0.1 | POST     "/api/fs/dirs"
[GIN] 2024/03/11 - 08:49:54 | 200 |       912.9µs |       127.0.0.1 | POST     "/api/admin/meta/create"
[GIN] 2024/03/11 - 08:49:54 | 200 |       231.9µs |       127.0.0.1 | GET      "/api/admin/meta/list"
[GIN] 2024/03/11 - 08:49:56 | 200 |       167.5µs |       127.0.0.1 | GET      "/assets/indexes.e2580142.js"
[GIN] 2024/03/11 - 08:49:56 | 200 |       235.8µs |       127.0.0.1 | GET      "/api/admin/index/progress"
[GIN] 2024/03/11 - 08:49:56 | 200 |       404.1µs |             ::1 | GET      "/api/admin/setting/list?group=6"
[GIN] 2024/03/11 - 08:50:01 | 200 |       357.6µs |             ::1 | GET      "/api/admin/index/progress"
[GIN] 2024/03/11 - 08:50:06 | 200 |       766.1µs |             ::1 | GET      "/api/admin/index/progress"
[GIN] 2024/03/11 - 08:50:11 | 200 |       899.2µs |             ::1 | GET      "/api/admin/index/progress"
[36mINFO[0m[2024-03-11 08:50:12] Creating new index...                        
[GIN] 2024/03/11 - 08:50:12 | 200 |    281.9821ms |             ::1 | POST     "/api/admin/setting/save"
[GIN] 2024/03/11 - 08:50:16 | 200 |       873.2µs |             ::1 | GET      "/api/admin/index/progress"
[GIN] 2024/03/11 - 08:50:17 | 200 |            0s |             ::1 | POST     "/api/admin/index/build"
[36mINFO[0m[2024-03-11 08:50:17] Removing old index...                        
[36mINFO[0m[2024-03-11 08:50:17] Creating new index...                        
[GIN] 2024/03/11 - 08:50:17 | 200 |            0s |             ::1 | GET      "/api/admin/index/progress"
[36mINFO[0m[2024-03-11 08:50:18] build index for: [/]                         
[36mINFO[0m[2024-03-11 08:50:18] ignore paths: []                             
[GIN] 2024/03/11 - 08:50:21 | 200 |       596.7µs |             ::1 | GET      "/api/admin/index/progress"
[36mINFO[0m[2024-03-11 08:50:23] index obj count: 0                           
[GIN] 2024/03/11 - 08:50:23 | 200 |       211.6µs |             ::1 | GET      "/assets/backup-restore.5a694ccf.js"
[GIN] 2024/03/11 - 08:50:23 | 200 |            0s |       127.0.0.1 | GET      "/assets/_commonjs-dynamic-modules.30ae7933.js"
[36mINFO[0m[2024-03-11 08:50:28] index obj count: 110                         
[GIN] 2024/03/11 - 08:50:28 | 200 |       783.6µs |       127.0.0.1 | GET      "/api/admin/user/list"
[GIN] 2024/03/11 - 08:50:29 | 200 |         276µs |       127.0.0.1 | GET      "/api/admin/user/get?id=2"
[36mINFO[0m[2024-03-11 08:50:33] index obj count: 212                         
[GIN] 2024/03/11 - 08:50:33 | 200 |       597.8µs |       127.0.0.1 | POST     "/api/fs/dirs"
[GIN] 2024/03/11 - 08:50:34 | 200 |            0s |       127.0.0.1 | POST     "/api/fs/dirs"
[36mINFO[0m[2024-03-11 08:50:38] index obj count: 256                         
[36mINFO[0m[2024-03-11 08:50:43] index obj count: 308                         
[36mINFO[0m[2024-03-11 08:50:48] index obj count: 359                         
[36mINFO[0m[2024-03-11 08:50:53] index obj count: 419                         
[GIN] 2024/03/11 - 08:50:54 | 200 |    313.0531ms |       127.0.0.1 | POST     "/api/fs/dirs"
[GIN] 2024/03/11 - 08:50:56 | 200 |    291.9141ms |       127.0.0.1 | POST     "/api/fs/dirs"
[GIN] 2024/03/11 - 08:50:57 | 200 |    413.2385ms |       127.0.0.1 | POST     "/api/fs/dirs"
[36mINFO[0m[2024-03-11 08:50:58] index obj count: 459                         
[GIN] 2024/03/11 - 08:51:02 | 200 |        1.04ms |       127.0.0.1 | POST     "/api/admin/user/update"
[GIN] 2024/03/11 - 08:51:02 | 200 |        74.5µs |       127.0.0.1 | GET      "/api/admin/user/list"
[36mINFO[0m[2024-03-11 08:51:03] index obj count: 496                         
[GIN] 2024/03/11 - 08:51:08 | 200 |       654.2µs |       127.0.0.1 | GET      "/api/admin/user/get?id=1"
[36mINFO[0m[2024-03-11 08:51:08] index obj count: 578                         
[GIN] 2024/03/11 - 08:51:11 | 200 |         783µs |       127.0.0.1 | POST     "/api/fs/dirs"
[GIN] 2024/03/11 - 08:51:12 | 200 |            0s |       127.0.0.1 | POST     "/api/fs/dirs"
[36mINFO[0m[2024-03-11 08:51:13] index obj count: 654                         
[GIN] 2024/03/11 - 08:51:15 | 200 |    521.9431ms |       127.0.0.1 | POST     "/api/fs/dirs"
[36mINFO[0m[2024-03-11 08:51:18] index obj count: 738                         
[GIN] 2024/03/11 - 08:51:20 | 200 |      1.5133ms |       127.0.0.1 | POST     "/api/admin/user/update"
[GIN] 2024/03/11 - 08:51:20 | 200 |         943µs |       127.0.0.1 | GET      "/api/admin/user/list"
[36mINFO[0m[2024-03-11 08:51:23] index obj count: 843                         
[GIN] 2024/03/11 - 08:51:25 | 200 |       869.3µs |       127.0.0.1 | POST     "/api/auth/login/hash"
[GIN] 2024/03/11 - 08:51:25 | 200 |       687.8µs |       127.0.0.1 | GET      "/api/me"
[GIN] 2024/03/11 - 08:51:25 | 200 |       470.3µs |       127.0.0.1 | GET      "/api/admin/user/list"
[GIN] 2024/03/11 - 08:51:27 | 200 |       638.6µs |       127.0.0.1 | GET      "/"
[GIN] 2024/03/11 - 08:51:27 | 200 |       191.7µs |             ::1 | GET      "/api/me"
[GIN] 2024/03/11 - 08:51:27 | 200 |            0s |       127.0.0.1 | GET      "/api/public/offline_download_tools"
[GIN] 2024/03/11 - 08:51:27 | 200 |      1.4865ms |             ::1 | POST     "/api/fs/get"
[GIN] 2024/03/11 - 08:51:27 | 200 |       286.5µs |             ::1 | GET      "/api/public/settings"
[GIN] 2024/03/11 - 08:51:27 | 200 |            0s |             ::1 | GET      "/api/me"
[GIN] 2024/03/11 - 08:51:27 | 200 |            0s |             ::1 | GET      "/api/public/offline_download_tools"
[GIN] 2024/03/11 - 08:51:27 | 200 |       317.2µs |             ::1 | POST     "/api/fs/get"
[GIN] 2024/03/11 - 08:51:27 | 200 |       992.7µs |             ::1 | POST     "/api/fs/list"
[GIN] 2024/03/11 - 08:51:27 | 200 |       468.9µs |             ::1 | GET      "/assets/Folder.b511ba9e.css"
[GIN] 2024/03/11 - 08:51:27 | 200 |       223.4µs |             ::1 | GET      "/assets/icon.fd054932.js"
[GIN] 2024/03/11 - 08:51:27 | 200 |       249.6µs |             ::1 | GET      "/assets/video_box.a8c20856.js"
[GIN] 2024/03/11 - 08:51:27 | 200 |       401.8µs |             ::1 | GET      "/assets/Folder.0acc51cd.js"
[GIN] 2024/03/11 - 08:51:27 | 200 |       860.6µs |             ::1 | GET      "/assets/Paginator.9b0a5d12.js"
[GIN] 2024/03/11 - 08:51:27 | 200 |       713.2µs |             ::1 | GET      "/assets/List.9482e44b.js"
[GIN] 2024/03/11 - 08:51:27 | 200 |            0s |             ::1 | GET      "/assets/index.2965be06.js"
[GIN] 2024/03/11 - 08:51:27 | 200 |            0s |             ::1 | GET      "/assets/helper.e1241295.js"
[36mINFO[0m[2024-03-11 08:51:28] index obj count: 870                         
[36mINFO[0m[2024-03-11 08:51:33] index obj count: 944                         
[36mINFO[0m[2024-03-11 08:51:38] index obj count: 1021                        
[GIN] 2024/03/11 - 08:51:39 | 200 |       280.5µs |             ::1 | GET      "/api/me"
[GIN] 2024/03/11 - 08:51:42 | 200 |      9.8425ms |             ::1 | GET      "/api/admin/meta/list"
[GIN] 2024/03/11 - 08:51:43 | 200 |      5.5849ms |             ::1 | GET      "/api/admin/meta/get?id=1"
[36mINFO[0m[2024-03-11 08:51:43] index obj count: 1074                        
[GIN] 2024/03/11 - 08:51:48 | 200 |      1.0653ms |             ::1 | POST     "/api/fs/dirs"
[36mINFO[0m[2024-03-11 08:51:48] index obj count: 1119                        
[GIN] 2024/03/11 - 08:51:49 | 200 |       817.1µs |             ::1 | POST     "/api/fs/dirs"
[36mINFO[0m[2024-03-11 08:51:53] index obj count: 1325                        
[GIN] 2024/03/11 - 08:51:53 | 200 |       544.9µs |             ::1 | POST     "/api/fs/dirs"
[36mINFO[0m[2024-03-11 08:51:58] index obj count: 1523                        
[GIN] 2024/03/11 - 08:52:01 | 200 |       842.8µs |             ::1 | POST     "/api/admin/meta/update"
[GIN] 2024/03/11 - 08:52:01 | 200 |       813.8µs |             ::1 | GET      "/api/admin/meta/list"
[GIN] 2024/03/11 - 08:52:02 | 200 |       988.3µs |             ::1 | GET      "/"
[GIN] 2024/03/11 - 08:52:02 | 200 |       999.3µs |             ::1 | GET      "/api/me"
[GIN] 2024/03/11 - 08:52:03 | 200 |      1.0721ms |             ::1 | GET      "/api/public/settings"
[GIN] 2024/03/11 - 08:52:03 | 200 |      4.6428ms |             ::1 | GET      "/api/me"
[GIN] 2024/03/11 - 08:52:03 | 200 |      3.5389ms |             ::1 | POST     "/api/fs/get"
[GIN] 2024/03/11 - 08:52:03 | 200 |       502.1µs |             ::1 | GET      "/api/public/offline_download_tools"
[GIN] 2024/03/11 - 08:52:03 | 200 |     13.0037ms |             ::1 | POST     "/api/fs/list"
[36mINFO[0m[2024-03-11 08:52:03] index obj count: 1748                        
[GIN] 2024/03/11 - 08:52:04 | 200 |         633µs |             ::1 | GET      "/api/me"
[36mINFO[0m[2024-03-11 08:52:08] index obj count: 1976                        
[GIN] 2024/03/11 - 08:52:11 | 200 |       662.4µs |             ::1 | GET      "/api/admin/setting/list?group=1"
[36mINFO[0m[2024-03-11 08:52:13] index obj count: 2218                        
[GIN] 2024/03/11 - 08:52:17 | 200 |       643.6µs |             ::1 | POST     "/api/admin/setting/save"
[36mINFO[0m[2024-03-11 08:52:18] index obj count: 2466                        
[GIN] 2024/03/11 - 08:52:18 | 200 |            0s |             ::1 | GET      "/api/admin/setting/list?group=2"
[GIN] 2024/03/11 - 08:52:22 | 200 |       760.3µs |             ::1 | POST     "/api/admin/setting/save"
[GIN] 2024/03/11 - 08:52:23 | 200 |       661.5µs |             ::1 | GET      "/api/admin/setting/list?group=3"
[36mINFO[0m[2024-03-11 08:52:23] index obj count: 2692                        
[GIN] 2024/03/11 - 08:52:25 | 200 |       192.1µs |             ::1 | GET      "/api/admin/user/list"
[GIN] 2024/03/11 - 08:52:26 | 200 |     12.6073ms |             ::1 | GET      "/api/admin/meta/list"
[36mINFO[0m[2024-03-11 08:52:28] index obj count: 2918                        
[GIN] 2024/03/11 - 08:52:30 | 200 |      3.7885ms |             ::1 | GET      "/api/admin/user/list"
[36mINFO[0m[2024-03-11 08:52:33] index obj count: 3106                        
[GIN] 2024/03/11 - 08:52:34 | 200 |       514.1µs |             ::1 | GET      "/"
[GIN] 2024/03/11 - 08:52:34 | 200 |       653.7µs |             ::1 | GET      "/api/me"
[GIN] 2024/03/11 - 08:52:34 | 200 |       322.6µs |             ::1 | GET      "/api/public/settings"
[GIN] 2024/03/11 - 08:52:34 | 200 |      1.0101ms |             ::1 | GET      "/api/me"
[GIN] 2024/03/11 - 08:52:34 | 200 |         262µs |             ::1 | POST     "/api/fs/get"
[GIN] 2024/03/11 - 08:52:34 | 200 |            0s |             ::1 | GET      "/api/public/offline_download_tools"
[GIN] 2024/03/11 - 08:52:34 | 200 |      2.0096ms |             ::1 | POST     "/api/fs/list"
[36mINFO[0m[2024-03-11 08:52:38] index obj count: 3372                        
[36mINFO[0m[2024-03-11 08:52:43] index obj count: 3662                        
[GIN] 2024/03/11 - 08:52:44 | 200 |            0s |             ::1 | GET      "/"
[GIN] 2024/03/11 - 08:52:45 | 200 |       623.6µs |             ::1 | GET      "/api/public/settings"
[GIN] 2024/03/11 - 08:52:45 | 200 |       692.5µs |             ::1 | GET      "/api/me"
[GIN] 2024/03/11 - 08:52:45 | 200 |       243.5µs |             ::1 | POST     "/api/fs/get"
[GIN] 2024/03/11 - 08:52:45 | 200 |       249.6µs |             ::1 | GET      "/api/public/offline_download_tools"
[GIN] 2024/03/11 - 08:52:45 | 200 |         991µs |             ::1 | POST     "/api/fs/list"
[36mINFO[0m[2024-03-11 08:52:48] index obj count: 3902                        
[GIN] 2024/03/11 - 08:52:52 | 200 |      3.3796ms |             ::1 | GET      "/api/me"
[36mINFO[0m[2024-03-11 08:52:53] index obj count: 4115                        
[GIN] 2024/03/11 - 08:52:53 | 200 |            0s |             ::1 | GET      "/api/admin/index/progress"
[GIN] 2024/03/11 - 08:52:53 | 200 |            0s |             ::1 | GET      "/api/admin/setting/list?group=6"
[GIN] 2024/03/11 - 08:52:56 | 200 |       183.8µs |             ::1 | GET      "/api/admin/meta/list"
[36mINFO[0m[2024-03-11 08:52:58] index obj count: 4305                        
[GIN] 2024/03/11 - 08:53:01 | 200 |       558.4µs |             ::1 | GET      "/api/admin/meta/get?id=1"
[36mINFO[0m[2024-03-11 08:53:03] index obj count: 4914                        
[36mINFO[0m[2024-03-11 08:53:08] index obj count: 5807                        
[GIN] 2024/03/11 - 08:53:10 | 200 |       904.9µs |             ::1 | GET      "/api/admin/meta/list"
[GIN] 2024/03/11 - 08:53:11 | 200 |         226µs |             ::1 | GET      "/api/admin/meta/get?id=1"
[36mINFO[0m[2024-03-11 08:53:12] index obj count: 6619                        
[36mINFO[0m[2024-03-11 08:53:13] index obj count: 7740                        
[GIN] 2024/03/11 - 08:53:17 | 200 |         475µs |             ::1 | POST     "/api/admin/meta/update"
[GIN] 2024/03/11 - 08:53:17 | 200 |       633.5µs |             ::1 | GET      "/api/admin/meta/list"
[36mINFO[0m[2024-03-11 08:53:18] index obj count: 7908                        
[GIN] 2024/03/11 - 08:53:19 | 200 |       427.3µs |             ::1 | GET      "/"
[GIN] 2024/03/11 - 08:53:19 | 200 |       139.3µs |             ::1 | GET      "/api/me"
[GIN] 2024/03/11 - 08:53:19 | 200 |            0s |             ::1 | GET      "/api/public/offline_download_tools"
[GIN] 2024/03/11 - 08:53:19 | 200 |      1.0394ms |             ::1 | POST     "/api/fs/list"
[GIN] 2024/03/11 - 08:53:19 | 200 |       825.2µs |             ::1 | GET      "/api/public/settings"
[GIN] 2024/03/11 - 08:53:19 | 200 |       306.8µs |             ::1 | GET      "/api/me"
[GIN] 2024/03/11 - 08:53:19 | 200 |         257µs |             ::1 | POST     "/api/fs/get"
[GIN] 2024/03/11 - 08:53:19 | 200 |            0s |             ::1 | GET      "/api/public/offline_download_tools"
[GIN] 2024/03/11 - 08:53:19 | 200 |       991.7µs |             ::1 | POST     "/api/fs/list"
[GIN] 2024/03/11 - 08:53:22 | 200 |        59.5µs |             ::1 | GET      "/api/me"
[36mINFO[0m[2024-03-11 08:53:23] index obj count: 8796                        
[GIN] 2024/03/11 - 08:53:25 | 200 |       185.7µs |             ::1 | GET      "/"
[GIN] 2024/03/11 - 08:53:25 | 200 |       447.8µs |             ::1 | GET      "/api/me"
[GIN] 2024/03/11 - 08:53:25 | 200 |       126.7µs |             ::1 | GET      "/api/public/settings"
[GIN] 2024/03/11 - 08:53:25 | 200 |       129.4µs |             ::1 | GET      "/api/me"
[GIN] 2024/03/11 - 08:53:25 | 200 |      1.3557ms |             ::1 | POST     "/api/fs/get"
[GIN] 2024/03/11 - 08:53:25 | 200 |            0s |             ::1 | GET      "/api/public/offline_download_tools"
[GIN] 2024/03/11 - 08:53:25 | 200 |       961.6µs |             ::1 | POST     "/api/fs/list"
[GIN] 2024/03/11 - 08:53:26 | 200 |       518.9µs |             ::1 | GET      "/api/me"
[36mINFO[0m[2024-03-11 08:53:27] index obj count: 9660                        
[GIN] 2024/03/11 - 08:53:27 | 200 |       518.3µs |             ::1 | GET      "/api/admin/meta/list"
[36mINFO[0m[2024-03-11 08:53:28] index obj count: 10777                       
[GIN] 2024/03/11 - 08:53:29 | 200 |       976.5µs |             ::1 | GET      "/api/admin/meta/get?id=1"
[36mINFO[0m[2024-03-11 08:53:33] index obj count: 10893                       
[GIN] 2024/03/11 - 08:53:36 | 200 |         924µs |             ::1 | POST     "/api/admin/meta/update"
[GIN] 2024/03/11 - 08:53:36 | 200 |       442.6µs |             ::1 | GET      "/api/admin/meta/list"
[GIN] 2024/03/11 - 08:53:37 | 200 |       450.8µs |             ::1 | GET      "/"
[GIN] 2024/03/11 - 08:53:37 | 200 |       355.7µs |             ::1 | GET      "/api/me"
[GIN] 2024/03/11 - 08:53:37 | 200 |      1.5312ms |             ::1 | POST     "/api/fs/list"
[GIN] 2024/03/11 - 08:53:37 | 200 |            0s |             ::1 | GET      "/api/public/offline_download_tools"
[GIN] 2024/03/11 - 08:53:37 | 200 |      1.4423ms |             ::1 | GET      "/api/public/settings"
[GIN] 2024/03/11 - 08:53:38 | 200 |       792.8µs |             ::1 | GET      "/api/me"
[GIN] 2024/03/11 - 08:53:38 | 200 |            0s |             ::1 | GET      "/api/public/offline_download_tools"
[GIN] 2024/03/11 - 08:53:38 | 200 |       316.8µs |             ::1 | POST     "/api/fs/get"
[GIN] 2024/03/11 - 08:53:38 | 200 |       801.8µs |             ::1 | POST     "/api/fs/list"
[36mINFO[0m[2024-03-11 08:53:38] index obj count: 11890                       
[36mINFO[0m[2024-03-11 08:53:43] index obj count: 12626                       
[36mINFO[0m[2024-03-11 08:53:48] index obj count: 12825                       
[GIN] 2024/03/11 - 08:53:50 | 200 |       875.5µs |             ::1 | GET      "/assets/GridItem.5d7f75af.js"
[GIN] 2024/03/11 - 08:53:50 | 200 |         243µs |             ::1 | GET      "/assets/Images.5fa01391.js"
[GIN] 2024/03/11 - 08:53:50 | 200 |       277.9µs |             ::1 | GET      "/assets/ImageWithError.4c3807f6.js"
[36mINFO[0m[2024-03-11 08:53:53] index obj count: 12953                       
[GIN] 2024/03/11 - 08:53:54 | 200 |       935.1µs |             ::1 | GET      "/assets/Grid.802f17c9.js"
[36mINFO[0m[2024-03-11 08:53:58] index obj count: 13242                       
[36mINFO[0m[2024-03-11 08:54:03] index obj count: 13452                       
[GIN] 2024/03/11 - 08:54:04 | 200 |         842µs |             ::1 | POST     "/api/fs/search"
[GIN] 2024/03/11 - 08:54:05 | 200 |       468.7µs |             ::1 | POST     "/api/fs/search"
[GIN] 2024/03/11 - 08:54:06 | 200 |       215.9µs |             ::1 | POST     "/api/fs/search"
[36mINFO[0m[2024-03-11 08:54:08] index obj count: 13689                       
[36mINFO[0m[2024-03-11 08:54:13] index obj count: 14094                       
[36mINFO[0m[2024-03-11 08:54:18] index obj count: 14424                       
[36mINFO[0m[2024-03-11 08:54:23] index obj count: 14620                       
[GIN] 2024/03/11 - 08:54:25 | 200 |      1.0111ms |             ::1 | GET      "/api/me"
[GIN] 2024/03/11 - 08:54:26 | 200 |       992.3µs |             ::1 | GET      "/api/admin/index/progress"
[GIN] 2024/03/11 - 08:54:26 | 200 |       409.1µs |             ::1 | GET      "/api/admin/setting/list?group=6"
[36mINFO[0m[2024-03-11 08:54:28] index obj count: 14848                       
[GIN] 2024/03/11 - 08:54:31 | 200 |      8.0411ms |             ::1 | GET      "/api/admin/index/progress"
[36mINFO[0m[2024-03-11 08:54:33] index obj count: 15085                       
[GIN] 2024/03/11 - 08:54:36 | 200 |       4.926ms |             ::1 | GET      "/api/admin/index/progress"
[36mINFO[0m[2024-03-11 08:54:38] index obj count: 15284                       
[GIN] 2024/03/11 - 08:54:41 | 200 |     10.5985ms |             ::1 | GET      "/api/admin/index/progress"
[GIN] 2024/03/11 - 08:54:42 | 200 |            0s |             ::1 | POST     "/api/admin/index/build"
[GIN] 2024/03/11 - 08:54:42 | 200 |       104.7µs |             ::1 | GET      "/api/admin/index/progress"
[36mINFO[0m[2024-03-11 08:54:43] index obj count: 15341                       
[GIN] 2024/03/11 - 08:54:45 | 200 |         598µs |             ::1 | GET      "/api/admin/index/progress"
[GIN] 2024/03/11 - 08:54:46 | 200 |            0s |             ::1 | POST     "/api/admin/index/stop"
[GIN] 2024/03/11 - 08:54:46 | 200 |       534.1µs |             ::1 | GET      "/api/admin/index/progress"
[36mINFO[0m[2024-03-11 08:54:46] success build index, count: 15409            
[GIN] 2024/03/11 - 08:54:46 | 200 |       513.4µs |             ::1 | GET      "/api/admin/index/progress"
[GIN] 2024/03/11 - 08:54:48 | 200 |            0s |             ::1 | POST     "/api/admin/index/build"
[36mINFO[0m[2024-03-11 08:54:48] Removing old index...                        
[GIN] 2024/03/11 - 08:54:48 | 200 |            0s |             ::1 | GET      "/api/admin/index/progress"
[36mINFO[0m[2024-03-11 08:54:48] Creating new index...                        
[36mINFO[0m[2024-03-11 08:54:48] build index for: [/]                         
[36mINFO[0m[2024-03-11 08:54:48] ignore paths: []                             
[36mINFO[0m[2024-03-11 08:54:49] index obj count: 0                           
[GIN] 2024/03/11 - 08:54:51 | 200 |      4.7079ms |             ::1 | GET      "/api/admin/index/progress"
[36mINFO[0m[2024-03-11 08:54:54] index obj count: 15411                       
[GIN] 2024/03/11 - 08:54:56 | 200 |      4.9019ms |             ::1 | GET      "/api/admin/index/progress"
[36mINFO[0m[2024-03-11 08:54:59] index obj count: 15435                       
[GIN] 2024/03/11 - 08:55:01 | 200 |      5.2021ms |             ::1 | GET      "/api/admin/index/progress"
[36mINFO[0m[2024-03-11 08:55:04] index obj count: 15485                       
[GIN] 2024/03/11 - 08:55:04 | 200 |      1.9494ms |             ::1 | GET      "/"
[GIN] 2024/03/11 - 08:55:04 | 200 |            0s |             ::1 | GET      "/api/me"
[GIN] 2024/03/11 - 08:55:04 | 200 |            0s |             ::1 | GET      "/api/public/offline_download_tools"
[GIN] 2024/03/11 - 08:55:04 | 200 |       522.6µs |             ::1 | POST     "/api/fs/list"
[GIN] 2024/03/11 - 08:55:04 | 200 |       743.5µs |             ::1 | GET      "/api/public/settings"
[GIN] 2024/03/11 - 08:55:04 | 200 |       934.1µs |             ::1 | GET      "/api/me"
[GIN] 2024/03/11 - 08:55:05 | 200 |            0s |             ::1 | GET      "/api/public/offline_download_tools"
[GIN] 2024/03/11 - 08:55:05 | 200 |       499.3µs |             ::1 | POST     "/api/fs/get"
[GIN] 2024/03/11 - 08:55:05 | 200 |       128.5µs |             ::1 | POST     "/api/fs/list"
[36mINFO[0m[2024-03-11 08:55:09] index obj count: 15512                       
[GIN] 2024/03/11 - 08:55:10 | 200 |      2.0435ms |             ::1 | POST     "/api/fs/search"
[GIN] 2024/03/11 - 08:55:11 | 200 |      1.8767ms |             ::1 | POST     "/api/fs/search"
[GIN] 2024/03/11 - 08:55:12 | 200 |      1.2827ms |             ::1 | POST     "/api/fs/search"
[GIN] 2024/03/11 - 08:55:14 | 200 |      1.6691ms |             ::1 | POST     "/api/fs/search"
[36mINFO[0m[2024-03-11 08:55:14] index obj count: 15551                       
[GIN] 2024/03/11 - 08:55:17 | 200 |      1.1333ms |             ::1 | POST     "/api/fs/search"
[36mINFO[0m[2024-03-11 08:55:19] index obj count: 15582                       
[GIN] 2024/03/11 - 08:55:23 | 200 |       537.1µs |             ::1 | GET      "/api/me"
[36mINFO[0m[2024-03-11 08:55:24] index obj count: 15654                       
[GIN] 2024/03/11 - 08:55:28 | 200 |      8.1455ms |             ::1 | GET      "/api/me"
[GIN] 2024/03/11 - 08:55:29 | 200 |       573.3µs |             ::1 | GET      "/"
[GIN] 2024/03/11 - 08:55:29 | 200 |            0s |             ::1 | GET      "/api/me"
[GIN] 2024/03/11 - 08:55:29 | 200 |      4.4828ms |             ::1 | GET      "/api/public/settings"
[36mINFO[0m[2024-03-11 08:55:29] index obj count: 15683                       
[GIN] 2024/03/11 - 08:55:29 | 200 |            0s |             ::1 | GET      "/api/me"
[GIN] 2024/03/11 - 08:55:29 | 200 |      2.9267ms |             ::1 | POST     "/api/fs/get"
[GIN] 2024/03/11 - 08:55:29 | 200 |            0s |             ::1 | GET      "/api/public/offline_download_tools"
[GIN] 2024/03/11 - 08:55:29 | 200 |       708.1µs |             ::1 | POST     "/api/fs/list"
[36mINFO[0m[2024-03-11 08:55:34] index obj count: 15822                       
[36mINFO[0m[2024-03-11 08:55:39] index obj count: 15868                       
[36mINFO[0m[2024-03-11 08:55:44] index obj count: 15918                       
[36mINFO[0m[2024-03-11 08:55:49] index obj count: 15953                       
[36mINFO[0m[2024-03-11 08:55:54] index obj count: 16001                       
[36mINFO[0m[2024-03-11 08:55:59] index obj count: 16063                       
[36mINFO[0m[2024-03-11 08:56:04] index obj count: 16096                       
[GIN] 2024/03/11 - 08:56:06 | 200 |            0s |             ::1 | GET      "/"
[GIN] 2024/03/11 - 08:56:06 | 200 |       267.6µs |             ::1 | GET      "/api/public/settings"
[GIN] 2024/03/11 - 08:56:06 | 200 |       444.8µs |             ::1 | GET      "/api/me"
[GIN] 2024/03/11 - 08:56:06 | 200 |         906µs |             ::1 | POST     "/api/fs/get"
[GIN] 2024/03/11 - 08:56:06 | 200 |            0s |             ::1 | GET      "/api/public/offline_download_tools"
[GIN] 2024/03/11 - 08:56:06 | 200 |      1.0614ms |             ::1 | POST     "/api/fs/list"
[36mINFO[0m[2024-03-11 08:56:09] index obj count: 16125                       
[36mINFO[0m[2024-03-11 08:56:14] index obj count: 16158                       
[36mINFO[0m[2024-03-11 08:56:19] index obj count: 16196                       
[36mINFO[0m[2024-03-11 08:56:24] index obj count: 16229                       
[36mINFO[0m[2024-03-11 08:56:29] index obj count: 16264                       
[36mINFO[0m[2024-03-11 08:56:34] index obj count: 16296                       
[36mINFO[0m[2024-03-11 08:56:39] index obj count: 16330                       
[36mINFO[0m[2024-03-11 08:56:44] index obj count: 16359                       
[36mINFO[0m[2024-03-11 08:56:49] index obj count: 16403                       
[36mINFO[0m[2024-03-11 08:56:54] index obj count: 16441                       
[36mINFO[0m[2024-03-11 08:56:59] index obj count: 16503                       
[GIN] 2024/03/11 - 08:57:00 | 200 |      4.0098ms |             ::1 | POST     "/api/fs/get"
[GIN] 2024/03/11 - 08:57:00 | 200 |      6.0845ms |             ::1 | GET      "/assets/File.c7bed0ff.js"
[GIN] 2024/03/11 - 08:57:01 | 200 |      6.9082ms |             ::1 | POST     "/api/fs/list"
[36mINFO[0m[2024-03-11 08:57:04] index obj count: 16530                       
[GIN] 2024/03/11 - 08:57:04 | 200 |    350.8998ms |             ::1 | POST     "/api/fs/list"
[36mINFO[0m[2024-03-11 08:57:09] index obj count: 16560                       
[36mINFO[0m[2024-03-11 08:57:14] index obj count: 16592                       
[36mINFO[0m[2024-03-11 08:57:19] index obj count: 16621                       
[36mINFO[0m[2024-03-11 08:57:24] index obj count: 16649                       
[GIN] 2024/03/11 - 08:57:28 | 200 |       358.9µs |             ::1 | POST     "/api/auth/login/hash"
[GIN] 2024/03/11 - 08:57:28 | 200 |     14.3721ms |             ::1 | GET      "/api/me"
[GIN] 2024/03/11 - 08:57:29 | 200 |      5.0849ms |             ::1 | POST     "/api/fs/list"
[GIN] 2024/03/11 - 08:57:29 | 200 |      1.0206ms |             ::1 | GET      "/api/public/offline_download_tools"
[36mINFO[0m[2024-03-11 08:57:29] index obj count: 16689                       
[GIN] 2024/03/11 - 08:57:30 | 200 |     11.2532ms |             ::1 | GET      "/api/me"
[GIN] 2024/03/11 - 08:57:33 | 200 |     11.2108ms |             ::1 | GET      "/api/admin/user/list"
[36mINFO[0m[2024-03-11 08:57:34] index obj count: 16724                       
[GIN] 2024/03/11 - 08:57:35 | 200 |      8.8815ms |             ::1 | GET      "/api/admin/user/get?id=2"
[36mINFO[0m[2024-03-11 08:57:39] index obj count: 16755                       
[36mINFO[0m[2024-03-11 08:57:44] index obj count: 16786                       
[36mINFO[0m[2024-03-11 08:57:49] index obj count: 16824                       
[GIN] 2024/03/11 - 08:57:51 | 200 |       712.3µs |             ::1 | POST     "/api/admin/user/update"
[GIN] 2024/03/11 - 08:57:51 | 200 |      3.0859ms |             ::1 | GET      "/api/admin/user/list"
[36mINFO[0m[2024-03-11 08:57:54] index obj count: 16866                       
[GIN] 2024/03/11 - 08:57:54 | 200 |            0s |             ::1 | GET      "/"
[GIN] 2024/03/11 - 08:57:54 | 200 |     11.0326ms |             ::1 | GET      "/api/me"
[GIN] 2024/03/11 - 08:57:54 | 200 |      1.2593ms |             ::1 | GET      "/api/public/settings"
[GIN] 2024/03/11 - 08:57:54 | 200 |       1.092ms |             ::1 | GET      "/api/me"
[GIN] 2024/03/11 - 08:57:54 | 200 |       575.1µs |             ::1 | POST     "/api/fs/get"
[GIN] 2024/03/11 - 08:57:54 | 200 |            0s |             ::1 | GET      "/api/public/offline_download_tools"
[GIN] 2024/03/11 - 08:57:55 | 200 |       259.3µs |             ::1 | POST     "/api/fs/list"
[GIN] 2024/03/11 - 08:57:57 | 200 |      2.9873ms |             ::1 | GET      "/api/me"
[36mINFO[0m[2024-03-11 08:57:59] index obj count: 16915                       
[GIN] 2024/03/11 - 08:58:00 | 200 |      6.6824ms |             ::1 | GET      "/api/me"
[GIN] 2024/03/11 - 08:58:02 | 200 |        52.6µs |             ::1 | GET      "/"
[GIN] 2024/03/11 - 08:58:02 | 200 |       643.4µs |             ::1 | GET      "/api/me"
[GIN] 2024/03/11 - 08:58:02 | 200 |      4.0033ms |             ::1 | GET      "/api/public/settings"
[GIN] 2024/03/11 - 08:58:02 | 200 |      7.2718ms |             ::1 | GET      "/api/me"
[GIN] 2024/03/11 - 08:58:02 | 200 |            0s |             ::1 | GET      "/api/public/offline_download_tools"
[GIN] 2024/03/11 - 08:58:02 | 200 |      2.7965ms |             ::1 | POST     "/api/fs/get"
[GIN] 2024/03/11 - 08:58:02 | 200 |      2.7317ms |             ::1 | POST     "/api/fs/list"
[36mINFO[0m[2024-03-11 08:58:04] index obj count: 16977                       
[GIN] 2024/03/11 - 08:58:07 | 200 |      8.1089ms |             ::1 | POST     "/api/fs/list"
[36mINFO[0m[2024-03-11 08:58:09] index obj count: 17029                       
[36mINFO[0m[2024-03-11 08:58:14] index obj count: 17088                       
[GIN] 2024/03/11 - 08:58:18 | 200 |    1.6182896s |             ::1 | POST     "/api/fs/rename"
[GIN] 2024/03/11 - 08:58:18 | 200 |    330.2225ms |             ::1 | POST     "/api/fs/list"
[36mINFO[0m[2024-03-11 08:58:19] index obj count: 17135                       
[36mINFO[0m[2024-03-11 08:58:24] index obj count: 17192                       
[GIN] 2024/03/11 - 08:58:26 | 200 |    1.1380381s |             ::1 | POST     "/api/fs/rename"
[GIN] 2024/03/11 - 08:58:26 | 200 |     365.348ms |             ::1 | POST     "/api/fs/list"
[36mINFO[0m[2024-03-11 08:58:29] index obj count: 17252                       
[GIN] 2024/03/11 - 08:58:34 | 200 |    1.1134155s |             ::1 | POST     "/api/fs/rename"
[36mINFO[0m[2024-03-11 08:58:34] index obj count: 17314                       
[GIN] 2024/03/11 - 08:58:34 | 200 |    357.9503ms |             ::1 | POST     "/api/fs/list"
[36mINFO[0m[2024-03-11 08:58:39] index obj count: 17376                       
[GIN] 2024/03/11 - 08:58:42 | 200 |    921.5055ms |             ::1 | POST     "/api/fs/rename"
[GIN] 2024/03/11 - 08:58:42 | 200 |    371.3841ms |             ::1 | POST     "/api/fs/list"
[36mINFO[0m[2024-03-11 08:58:44] index obj count: 17435                       
[GIN] 2024/03/11 - 08:58:48 | 200 |    1.0915917s |             ::1 | POST     "/api/fs/rename"
[GIN] 2024/03/11 - 08:58:49 | 200 |    346.0747ms |             ::1 | POST     "/api/fs/list"
[36mINFO[0m[2024-03-11 08:58:49] index obj count: 17482                       
[36mINFO[0m[2024-03-11 08:58:54] index obj count: 17541                       
[36mINFO[0m[2024-03-11 08:58:59] index obj count: 17611                       
[GIN] 2024/03/11 - 08:59:00 | 200 |    887.0882ms |             ::1 | POST     "/api/fs/rename"
[GIN] 2024/03/11 - 08:59:00 | 200 |    390.1788ms |             ::1 | POST     "/api/fs/list"
[36mINFO[0m[2024-03-11 08:59:04] index obj count: 17679                       
[GIN] 2024/03/11 - 08:59:07 | 200 |    922.1582ms |             ::1 | POST     "/api/fs/rename"
[GIN] 2024/03/11 - 08:59:07 | 200 |    353.0654ms |             ::1 | POST     "/api/fs/list"
[36mINFO[0m[2024-03-11 08:59:09] index obj count: 17747                       
[GIN] 2024/03/11 - 08:59:13 | 200 |    729.6603ms |             ::1 | POST     "/api/fs/rename"
[GIN] 2024/03/11 - 08:59:13 | 200 |     329.166ms |             ::1 | POST     "/api/fs/list"
[36mINFO[0m[2024-03-11 08:59:14] index obj count: 17798                       
[GIN] 2024/03/11 - 08:59:18 | 200 |     983.558ms |             ::1 | POST     "/api/fs/rename"
[GIN] 2024/03/11 - 08:59:19 | 200 |    446.1167ms |             ::1 | POST     "/api/fs/list"
[36mINFO[0m[2024-03-11 08:59:19] index obj count: 17857                       
[36mINFO[0m[2024-03-11 08:59:24] index obj count: 17921                       
[36mINFO[0m[2024-03-11 08:59:29] index obj count: 17992                       
[GIN] 2024/03/11 - 08:59:30 | 200 |    332.9124ms |             ::1 | POST     "/api/fs/list"
[GIN] 2024/03/11 - 08:59:32 | 200 |     320.543ms |             ::1 | POST     "/api/fs/list"
[36mINFO[0m[2024-03-11 08:59:34] index obj count: 18051                       
[GIN] 2024/03/11 - 08:59:37 | 200 |      2.5191ms |             ::1 | POST     "/api/fs/get"
[GIN] 2024/03/11 - 08:59:37 | 200 |     12.7118ms |             ::1 | GET      "/assets/hls.2d616245.js"
[GIN] 2024/03/11 - 08:59:37 | 200 |       975.7µs |             ::1 | GET      "/assets/video.f5bafd86.js"
[GIN] 2024/03/11 - 08:59:37 | 200 |       562.3µs |             ::1 | GET      "/images/iina.webp"
[GIN] 2024/03/11 - 08:59:37 | 200 |       132.8µs |             ::1 | GET      "/images/potplayer.webp"
[GIN] 2024/03/11 - 08:59:37 | 200 |      2.4088ms |             ::1 | GET      "/images/nplayer.webp"
[GIN] 2024/03/11 - 08:59:37 | 200 |      2.6232ms |             ::1 | GET      "/images/figplayer.webp"
[GIN] 2024/03/11 - 08:59:37 | 200 |      2.4591ms |             ::1 | GET      "/images/omniplayer.webp"
[GIN] 2024/03/11 - 08:59:37 | 200 |      2.3646ms |             ::1 | GET      "/images/vlc.webp"
[GIN] 2024/03/11 - 08:59:37 | 200 |       693.8µs |             ::1 | GET      "/images/mxplayer.webp"
[GIN] 2024/03/11 - 08:59:37 | 200 |       648.6µs |             ::1 | GET      "/images/infuse.webp"
[GIN] 2024/03/11 - 08:59:37 | 200 |       1.669ms |             ::1 | GET      "/images/mxplayer-pro.webp"
[36mINFO[0m[2024-03-11 08:59:39] index obj count: 18101                       
[36mINFO[0m[2024-03-11 08:59:44] index obj count: 18148                       
[36mINFO[0m[2024-03-11 08:59:49] index obj count: 18218                       
[36mINFO[0m[2024-03-11 08:59:54] index obj count: 18294                       
[36mINFO[0m[2024-03-11 08:59:59] index obj count: 18406                       
[36mINFO[0m[2024-03-11 09:00:04] index obj count: 18500                       
[36mINFO[0m[2024-03-11 09:00:09] index obj count: 18566                       
[36mINFO[0m[2024-03-11 09:00:14] index obj count: 18631                       
[36mINFO[0m[2024-03-11 09:00:19] index obj count: 18695                       
[36mINFO[0m[2024-03-11 09:00:24] index obj count: 18775                       
[36mINFO[0m[2024-03-11 09:00:29] index obj count: 18846                       
[36mINFO[0m[2024-03-11 09:00:34] index obj count: 18909                       
[36mINFO[0m[2024-03-11 09:00:39] index obj count: 19023                       
[GIN] 2024/03/11 - 09:00:59 | 200 |       718.1µs |             ::1 | GET      "/Cấu trúc Dữ liệu và Giải thuật với Java/CHƯƠNG 01 MẢNG VÀ MỘT SỐ PHƯƠNG PHÁP GIẢI QUYẾT VẤN ĐỀ/Bài 1.1. Mảng 1 chiều/D l1 1.mkv"
[GIN] 2024/03/11 - 09:01:00 | 200 |       305.1µs |             ::1 | GET      "/api/public/settings"
[GIN] 2024/03/11 - 09:01:00 | 200 |       684.6µs |             ::1 | GET      "/api/me"
[GIN] 2024/03/11 - 09:01:00 | 200 |            0s |             ::1 | GET      "/api/public/offline_download_tools"
[GIN] 2024/03/11 - 09:01:02 | 200 |    2.6658098s |             ::1 | POST     "/api/fs/get"
[31mERRO[0m[2024-03-11 09:01:11] write tcp [::1]:5244->[::1]:1468: wsasend: An existing connection was forcibly closed by the remote host. 
[GIN] 2024/03/11 - 09:01:11 | 206 |    8.9166202s |             ::1 | GET      "/p/root/PUBLIC_WITH_PASS/UDEMY/KHOÁ HỌC CỦA JAVALOG/Cấu trúc Dữ liệu và Giải thuật với Java/CHƯƠNG 01 MẢNG VÀ MỘT SỐ PHƯƠNG PHÁP GIẢI QUYẾT VẤN ĐỀ/Bài 1.1. Mảng 1 chiều/D l1 1.mkv?sign=ncgnewRplRoP97Y4qYp0lj0KkNDjweuUHyjbNgEZSAM=:0"
Error #01: write tcp [::1]:5244->[::1]:1468: wsasend: An existing connection was forcibly closed by the remote host.
[GIN] 2024/03/11 - 09:01:14 | 200 |       208.5µs |             ::1 | GET      "/api/public/settings"
[GIN] 2024/03/11 - 09:01:14 | 200 |       966.7µs |             ::1 | GET      "/api/me"
[GIN] 2024/03/11 - 09:01:14 | 200 |      2.9324ms |             ::1 | POST     "/api/fs/get"
[GIN] 2024/03/11 - 09:01:14 | 200 |            0s |             ::1 | GET      "/api/public/offline_download_tools"
[GIN] 2024/03/11 - 09:01:20 | 200 |       516.2µs |             ::1 | POST     "/api/fs/get"
[GIN] 2024/03/11 - 09:01:20 | 200 |       339.6µs |             ::1 | POST     "/api/fs/list"
[31mERRO[0m[2024-03-11 09:01:35] write tcp [::1]:5244->[::1]:1474: wsasend: An existing connection was forcibly closed by the remote host. 
[GIN] 2024/03/11 - 09:01:35 | 206 |   19.8675332s |             ::1 | GET      "/p/root/PUBLIC_WITH_PASS/UDEMY/KHOÁ HỌC CỦA JAVALOG/Cấu trúc Dữ liệu và Giải thuật với Java/CHƯƠNG 01 MẢNG VÀ MỘT SỐ PHƯƠNG PHÁP GIẢI QUYẾT VẤN ĐỀ/Bài 1.1. Mảng 1 chiều/D l1 1.mkv?sign=ncgnewRplRoP97Y4qYp0lj0KkNDjweuUHyjbNgEZSAM=:0"
Error #01: write tcp [::1]:5244->[::1]:1474: wsasend: An existing connection was forcibly closed by the remote host.
[GIN] 2024/03/11 - 09:02:45 | 200 |      1.4312ms |             ::1 | POST     "/api/auth/login/hash"
[GIN] 2024/03/11 - 09:02:45 | 200 |      3.5367ms |             ::1 | GET      "/api/me"
[GIN] 2024/03/11 - 09:02:45 | 200 |            0s |             ::1 | GET      "/api/public/offline_download_tools"
[GIN] 2024/03/11 - 09:02:46 | 200 |    533.5942ms |             ::1 | POST     "/api/fs/list"
[GIN] 2024/03/11 - 09:10:15 | 206 |          9m3s |             ::1 | GET      "/p/root/PUBLIC_WITH_PASS/UDEMY/KHOÁ HỌC CỦA JAVALOG/Cấu trúc Dữ liệu và Giải thuật với Java/CHƯƠNG 01 MẢNG VÀ MỘT SỐ PHƯƠNG PHÁP GIẢI QUYẾT VẤN ĐỀ/Bài 1.1. Mảng 1 chiều/D l1 1.mkv?sign=ncgnewRplRoP97Y4qYp0lj0KkNDjweuUHyjbNgEZSAM=:0"
[31mERRO[0m[2024-03-11 09:11:46] write tcp [::1]:5244->[::1]:1745: wsasend: An existing connection was forcibly closed by the remote host. 
[GIN] 2024/03/11 - 09:11:46 | 206 |     6.090493s |             ::1 | GET      "/p/root/PUBLIC_WITH_PASS/UDEMY/KHOÁ HỌC CỦA JAVALOG/Cấu trúc Dữ liệu và Giải thuật với Java/CHƯƠNG 01 MẢNG VÀ MỘT SỐ PHƯƠNG PHÁP GIẢI QUYẾT VẤN ĐỀ/Bài 1.1. Mảng 1 chiều/D l1 1.mkv?sign=ncgnewRplRoP97Y4qYp0lj0KkNDjweuUHyjbNgEZSAM=:0"
Error #01: write tcp [::1]:5244->[::1]:1745: wsasend: An existing connection was forcibly closed by the remote host.
[GIN] 2024/03/11 - 09:12:08 | 200 |       262.8µs |             ::1 | GET      "/Cấu trúc Dữ liệu và Giải thuật với Java/CHƯƠNG 01 MẢNG VÀ MỘT SỐ PHƯƠNG PHÁP GIẢI QUYẾT VẤN ĐỀ/Bài 1.1. Mảng 1 chiều/D l1 1.mkv"
[31mERRO[0m[2024-03-11 09:12:08] write tcp [::1]:5244->[::1]:1872: wsasend: An existing connection was forcibly closed by the remote host. 
[GIN] 2024/03/11 - 09:12:08 | 206 |   21.4483646s |             ::1 | GET      "/p/root/PUBLIC_WITH_PASS/UDEMY/KHOÁ HỌC CỦA JAVALOG/Cấu trúc Dữ liệu và Giải thuật với Java/CHƯƠNG 01 MẢNG VÀ MỘT SỐ PHƯƠNG PHÁP GIẢI QUYẾT VẤN ĐỀ/Bài 1.1. Mảng 1 chiều/D l1 1.mkv?sign=ncgnewRplRoP97Y4qYp0lj0KkNDjweuUHyjbNgEZSAM=:0"
Error #01: write tcp [::1]:5244->[::1]:1872: wsasend: An existing connection was forcibly closed by the remote host.
[GIN] 2024/03/11 - 09:12:08 | 200 |       375.3µs |             ::1 | GET      "/api/public/settings"
[GIN] 2024/03/11 - 09:12:08 | 200 |       775.6µs |             ::1 | GET      "/api/me"
[GIN] 2024/03/11 - 09:12:08 | 200 |      1.0314ms |             ::1 | GET      "/api/public/offline_download_tools"
[33mWARN[0m[2024-03-11 09:12:08] failed get /root/NSTH/Cấu trúc Dữ liệu và Giải thuật với Java/CHƯƠNG 01 MẢNG VÀ MỘT SỐ PHƯƠNG PHÁP GIẢI QUYẾT VẤN ĐỀ/Bài 1.1. Mảng 1 chiều/D l1 1.mkv: failed get parent list: failed get dir: failed get parent list: failed get dir: failed get parent list: failed get dir: object not found 
[GIN] 2024/03/11 - 09:12:08 | 200 |      1.4545ms |             ::1 | POST     "/api/fs/get"
[31mERRO[0m[2024-03-11 09:12:17] fs/list: object not found
github.com/alist-org/alist/v3/internal/op.Get
	/source/internal/op/fs.go:229
github.com/alist-org/alist/v3/internal/op.GetUnwrap
	/source/internal/op/fs.go:233
github.com/alist-org/alist/v3/internal/op.List
	/source/internal/op/fs.go:116
github.com/alist-org/alist/v3/internal/op.Get
	/source/internal/op/fs.go:219
github.com/alist-org/alist/v3/internal/op.GetUnwrap
	/source/internal/op/fs.go:233
github.com/alist-org/alist/v3/internal/op.List
	/source/internal/op/fs.go:116
github.com/alist-org/alist/v3/internal/fs.list
	/source/internal/fs/list.go:25
github.com/alist-org/alist/v3/internal/fs.List
	/source/internal/fs/fs.go:22
github.com/alist-org/alist/v3/server/handles.FsList
	/source/server/handles/fsread.go:86
github.com/gin-gonic/gin.(*Context).Next
	/go/pkg/mod/github.com/gin-gonic/gin@v1.9.1/context.go:174
github.com/alist-org/alist/v3/server/middlewares.Auth
	/source/server/middlewares/auth.go:73
github.com/gin-gonic/gin.(*Context).Next
	/go/pkg/mod/github.com/gin-gonic/gin@v1.9.1/context.go:174
github.com/alist-org/alist/v3/server/middlewares.StoragesLoaded
	/source/server/middlewares/check.go:14
github.com/gin-gonic/gin.(*Context).Next
	/go/pkg/mod/github.com/gin-gonic/gin@v1.9.1/context.go:174
github.com/gin-gonic/gin.CustomRecoveryWithWriter.func1
	/go/pkg/mod/github.com/gin-gonic/gin@v1.9.1/recovery.go:102
github.com/gin-gonic/gin.(*Context).Next
	/go/pkg/mod/github.com/gin-gonic/gin@v1.9.1/context.go:174
github.com/gin-gonic/gin.LoggerWithConfig.func1
	/go/pkg/mod/github.com/gin-gonic/gin@v1.9.1/logger.go:240
github.com/gin-gonic/gin.(*Context).Next
	/go/pkg/mod/github.com/gin-gonic/gin@v1.9.1/context.go:174
github.com/gin-gonic/gin.(*Engine).handleHTTPRequest
	/go/pkg/mod/github.com/gin-gonic/gin@v1.9.1/gin.go:620
github.com/gin-gonic/gin.(*Engine).ServeHTTP
	/go/pkg/mod/github.com/gin-gonic/gin@v1.9.1/gin.go:576
net/http.serverHandler.ServeHTTP
	/usr/local/go/src/net/http/server.go:2938
net/http.(*conn).serve
	/usr/local/go/src/net/http/server.go:2009
runtime.goexit
	/usr/local/go/src/runtime/asm_amd64.s:1650
failed get dir
failed get parent list
failed get dir 
[31mERRO[0m[2024-03-11 09:12:17] failed list /root/NSTH/Cấu trúc Dữ liệu và Giải thuật với Java/CHƯƠNG 01 MẢNG VÀ MỘT SỐ PHƯƠNG PHÁP GIẢI QUYẾT VẤN ĐỀ: object not found
github.com/alist-org/alist/v3/internal/op.Get
	/source/internal/op/fs.go:229
github.com/alist-org/alist/v3/internal/op.GetUnwrap
	/source/internal/op/fs.go:233
github.com/alist-org/alist/v3/internal/op.List
	/source/internal/op/fs.go:116
github.com/alist-org/alist/v3/internal/op.Get
	/source/internal/op/fs.go:219
github.com/alist-org/alist/v3/internal/op.GetUnwrap
	/source/internal/op/fs.go:233
github.com/alist-org/alist/v3/internal/op.List
	/source/internal/op/fs.go:116
github.com/alist-org/alist/v3/internal/fs.list
	/source/internal/fs/list.go:25
github.com/alist-org/alist/v3/internal/fs.List
	/source/internal/fs/fs.go:22
github.com/alist-org/alist/v3/server/handles.FsList
	/source/server/handles/fsread.go:86
github.com/gin-gonic/gin.(*Context).Next
	/go/pkg/mod/github.com/gin-gonic/gin@v1.9.1/context.go:174
github.com/alist-org/alist/v3/server/middlewares.Auth
	/source/server/middlewares/auth.go:73
github.com/gin-gonic/gin.(*Context).Next
	/go/pkg/mod/github.com/gin-gonic/gin@v1.9.1/context.go:174
github.com/alist-org/alist/v3/server/middlewares.StoragesLoaded
	/source/server/middlewares/check.go:14
github.com/gin-gonic/gin.(*Context).Next
	/go/pkg/mod/github.com/gin-gonic/gin@v1.9.1/context.go:174
github.com/gin-gonic/gin.CustomRecoveryWithWriter.func1
	/go/pkg/mod/github.com/gin-gonic/gin@v1.9.1/recovery.go:102
github.com/gin-gonic/gin.(*Context).Next
	/go/pkg/mod/github.com/gin-gonic/gin@v1.9.1/context.go:174
github.com/gin-gonic/gin.LoggerWithConfig.func1
	/go/pkg/mod/github.com/gin-gonic/gin@v1.9.1/logger.go:240
github.com/gin-gonic/gin.(*Context).Next
	/go/pkg/mod/github.com/gin-gonic/gin@v1.9.1/context.go:174
github.com/gin-gonic/gin.(*Engine).handleHTTPRequest
	/go/pkg/mod/github.com/gin-gonic/gin@v1.9.1/gin.go:620
github.com/gin-gonic/gin.(*Engine).ServeHTTP
	/go/pkg/mod/github.com/gin-gonic/gin@v1.9.1/gin.go:576
net/http.serverHandler.ServeHTTP
	/usr/local/go/src/net/http/server.go:2938
net/http.(*conn).serve
	/usr/local/go/src/net/http/server.go:2009
runtime.goexit
	/usr/local/go/src/runtime/asm_amd64.s:1650
failed get dir
failed get parent list
failed get dir
failed get objs 
[GIN] 2024/03/11 - 09:12:17 | 200 |       657.8µs |             ::1 | POST     "/api/fs/list"
[GIN] 2024/03/11 - 09:12:24 | 200 |      9.5292ms |             ::1 | GET      "/api/me"
[GIN] 2024/03/11 - 09:12:27 | 200 |      2.2092ms |             ::1 | GET      "/api/me"
[31mERRO[0m[2024-03-11 09:12:27] fs/list: object not found
github.com/alist-org/alist/v3/internal/op.Get
	/source/internal/op/fs.go:229
github.com/alist-org/alist/v3/internal/op.GetUnwrap
	/source/internal/op/fs.go:233
github.com/alist-org/alist/v3/internal/op.List
	/source/internal/op/fs.go:116
github.com/alist-org/alist/v3/internal/op.Get
	/source/internal/op/fs.go:219
github.com/alist-org/alist/v3/internal/op.GetUnwrap
	/source/internal/op/fs.go:233
github.com/alist-org/alist/v3/internal/op.List
	/source/internal/op/fs.go:116
github.com/alist-org/alist/v3/internal/fs.list
	/source/internal/fs/list.go:25
github.com/alist-org/alist/v3/internal/fs.List
	/source/internal/fs/fs.go:22
github.com/alist-org/alist/v3/server/handles.FsList
	/source/server/handles/fsread.go:86
github.com/gin-gonic/gin.(*Context).Next
	/go/pkg/mod/github.com/gin-gonic/gin@v1.9.1/context.go:174
github.com/alist-org/alist/v3/server/middlewares.Auth
	/source/server/middlewares/auth.go:73
github.com/gin-gonic/gin.(*Context).Next
	/go/pkg/mod/github.com/gin-gonic/gin@v1.9.1/context.go:174
github.com/alist-org/alist/v3/server/middlewares.StoragesLoaded
	/source/server/middlewares/check.go:14
github.com/gin-gonic/gin.(*Context).Next
	/go/pkg/mod/github.com/gin-gonic/gin@v1.9.1/context.go:174
github.com/gin-gonic/gin.CustomRecoveryWithWriter.func1
	/go/pkg/mod/github.com/gin-gonic/gin@v1.9.1/recovery.go:102
github.com/gin-gonic/gin.(*Context).Next
	/go/pkg/mod/github.com/gin-gonic/gin@v1.9.1/context.go:174
github.com/gin-gonic/gin.LoggerWithConfig.func1
	/go/pkg/mod/github.com/gin-gonic/gin@v1.9.1/logger.go:240
github.com/gin-gonic/gin.(*Context).Next
	/go/pkg/mod/github.com/gin-gonic/gin@v1.9.1/context.go:174
github.com/gin-gonic/gin.(*Engine).handleHTTPRequest
	/go/pkg/mod/github.com/gin-gonic/gin@v1.9.1/gin.go:620
github.com/gin-gonic/gin.(*Engine).ServeHTTP
	/go/pkg/mod/github.com/gin-gonic/gin@v1.9.1/gin.go:576
net/http.serverHandler.ServeHTTP
	/usr/local/go/src/net/http/server.go:2938
net/http.(*conn).serve
	/usr/local/go/src/net/http/server.go:2009
runtime.goexit
	/usr/local/go/src/runtime/asm_amd64.s:1650
failed get dir
failed get parent list
failed get dir 
[31mERRO[0m[2024-03-11 09:12:27] failed list /root/NSTH/Cấu trúc Dữ liệu và Giải thuật với Java/CHƯƠNG 01 MẢNG VÀ MỘT SỐ PHƯƠNG PHÁP GIẢI QUYẾT VẤN ĐỀ: object not found
github.com/alist-org/alist/v3/internal/op.Get
	/source/internal/op/fs.go:229
github.com/alist-org/alist/v3/internal/op.GetUnwrap
	/source/internal/op/fs.go:233
github.com/alist-org/alist/v3/internal/op.List
	/source/internal/op/fs.go:116
github.com/alist-org/alist/v3/internal/op.Get
	/source/internal/op/fs.go:219
github.com/alist-org/alist/v3/internal/op.GetUnwrap
	/source/internal/op/fs.go:233
github.com/alist-org/alist/v3/internal/op.List
	/source/internal/op/fs.go:116
github.com/alist-org/alist/v3/internal/fs.list
	/source/internal/fs/list.go:25
github.com/alist-org/alist/v3/internal/fs.List
	/source/internal/fs/fs.go:22
github.com/alist-org/alist/v3/server/handles.FsList
	/source/server/handles/fsread.go:86
github.com/gin-gonic/gin.(*Context).Next
	/go/pkg/mod/github.com/gin-gonic/gin@v1.9.1/context.go:174
github.com/alist-org/alist/v3/server/middlewares.Auth
	/source/server/middlewares/auth.go:73
github.com/gin-gonic/gin.(*Context).Next
	/go/pkg/mod/github.com/gin-gonic/gin@v1.9.1/context.go:174
github.com/alist-org/alist/v3/server/middlewares.StoragesLoaded
	/source/server/middlewares/check.go:14
github.com/gin-gonic/gin.(*Context).Next
	/go/pkg/mod/github.com/gin-gonic/gin@v1.9.1/context.go:174
github.com/gin-gonic/gin.CustomRecoveryWithWriter.func1
	/go/pkg/mod/github.com/gin-gonic/gin@v1.9.1/recovery.go:102
github.com/gin-gonic/gin.(*Context).Next
	/go/pkg/mod/github.com/gin-gonic/gin@v1.9.1/context.go:174
github.com/gin-gonic/gin.LoggerWithConfig.func1
	/go/pkg/mod/github.com/gin-gonic/gin@v1.9.1/logger.go:240
github.com/gin-gonic/gin.(*Context).Next
	/go/pkg/mod/github.com/gin-gonic/gin@v1.9.1/context.go:174
github.com/gin-gonic/gin.(*Engine).handleHTTPRequest
	/go/pkg/mod/github.com/gin-gonic/gin@v1.9.1/gin.go:620
github.com/gin-gonic/gin.(*Engine).ServeHTTP
	/go/pkg/mod/github.com/gin-gonic/gin@v1.9.1/gin.go:576
net/http.serverHandler.ServeHTTP
	/usr/local/go/src/net/http/server.go:2938
net/http.(*conn).serve
	/usr/local/go/src/net/http/server.go:2009
runtime.goexit
	/usr/local/go/src/runtime/asm_amd64.s:1650
failed get dir
failed get parent list
failed get dir
failed get objs 
[GIN] 2024/03/11 - 09:12:27 | 200 |      1.0756ms |             ::1 | POST     "/api/fs/list"
[GIN] 2024/03/11 - 09:12:27 | 200 |            0s |             ::1 | GET      "/api/public/offline_download_tools"
[GIN] 2024/03/11 - 09:12:32 | 200 |       206.2µs |             ::1 | GET      "/api/me"
[GIN] 2024/03/11 - 09:12:36 | 200 |       343.4µs |             ::1 | GET      "/Cấu trúc Dữ liệu và Giải thuật với Java/CHƯƠNG 01 MẢNG VÀ MỘT SỐ PHƯƠNG PHÁP GIẢI QUYẾT VẤN ĐỀ"
[GIN] 2024/03/11 - 09:12:36 | 200 |       500.7µs |             ::1 | GET      "/api/public/settings"
[GIN] 2024/03/11 - 09:12:37 | 200 |       152.1µs |             ::1 | GET      "/api/me"
[GIN] 2024/03/11 - 09:12:37 | 200 |            0s |             ::1 | GET      "/api/public/offline_download_tools"
[GIN] 2024/03/11 - 09:12:37 | 200 |      2.7141ms |             ::1 | POST     "/api/fs/get"
[GIN] 2024/03/11 - 09:12:37 | 200 |       704.3µs |             ::1 | POST     "/api/fs/list"
[GIN] 2024/03/11 - 09:12:39 | 200 |            0s |             ::1 | GET      "/api/me"
[GIN] 2024/03/11 - 09:12:41 | 200 |            0s |             ::1 | GET      "/api/me"
[GIN] 2024/03/11 - 09:12:41 | 200 |            0s |             ::1 | GET      "/api/public/offline_download_tools"
[GIN] 2024/03/11 - 09:12:41 | 200 |      5.6948ms |             ::1 | POST     "/api/fs/list"
[GIN] 2024/03/11 - 09:12:43 | 200 |      3.2338ms |             ::1 | POST     "/api/fs/list"
[GIN] 2024/03/11 - 09:12:45 | 200 |       1.718ms |             ::1 | POST     "/api/fs/get"
[GIN] 2024/03/11 - 09:12:56 | 200 |            0s |             ::1 | POST     "/api/fs/list"
[31mERRO[0m[2024-03-11 09:13:11] write tcp [::1]:5244->[::1]:1877: wsasend: An existing connection was forcibly closed by the remote host. 
[GIN] 2024/03/11 - 09:13:11 | 206 |   25.5880222s |             ::1 | GET      "/p/root/PUBLIC_WITH_PASS/UDEMY/KHOÁ HỌC CỦA JAVALOG/Cấu trúc Dữ liệu và Giải thuật với Java/CHƯƠNG 01 MẢNG VÀ MỘT SỐ PHƯƠNG PHÁP GIẢI QUYẾT VẤN ĐỀ/Bài 1.1. Mảng 1 chiều/D l1 1.mkv?sign=ncgnewRplRoP97Y4qYp0lj0KkNDjweuUHyjbNgEZSAM=:0"
Error #01: write tcp [::1]:5244->[::1]:1877: wsasend: An existing connection was forcibly closed by the remote host.
[31mERRO[0m[2024-03-11 09:13:14] write tcp [::1]:5244->[::1]:1979: wsasend: An existing connection was forcibly closed by the remote host. 
[GIN] 2024/03/11 - 09:13:14 | 200 |    3.7918731s |             ::1 | GET      "/d/root/PUBLIC_WITH_PASS/UDEMY/KHOÁ HỌC CỦA JAVALOG/Cấu trúc Dữ liệu và Giải thuật với Java/CHƯƠNG 01 MẢNG VÀ MỘT SỐ PHƯƠNG PHÁP GIẢI QUYẾT VẤN ĐỀ/Bài 1.1. Mảng 1 chiều/D l1 1ex.mkv?sign=2-m1Lz5naHx-7vhQzmbxZQY3iIhmcgg5QQe3DSWidPw=:0"
Error #01: write tcp [::1]:5244->[::1]:1979: wsasend: An existing connection was forcibly closed by the remote host.
[31mERRO[0m[2024-03-11 09:13:16] write tcp 127.0.0.1:5244->127.0.0.1:2001: wsasend: An existing connection was forcibly closed by the remote host. 
[GIN] 2024/03/11 - 09:13:16 | 200 |    1.9361325s |       127.0.0.1 | GET      "/d/root/PUBLIC_WITH_PASS/UDEMY/KHOÁ HỌC CỦA JAVALOG/Cấu trúc Dữ liệu và Giải thuật với Java/CHƯƠNG 01 MẢNG VÀ MỘT SỐ PHƯƠNG PHÁP GIẢI QUYẾT VẤN ĐỀ/Bài 1.1. Mảng 1 chiều/D l1 1ex.mkv?sign=2-m1Lz5naHx-7vhQzmbxZQY3iIhmcgg5QQe3DSWidPw=:0"
Error #01: write tcp 127.0.0.1:5244->127.0.0.1:2001: wsasend: An existing connection was forcibly closed by the remote host.
[31mERRO[0m[2024-03-11 09:13:18] write tcp 127.0.0.1:5244->127.0.0.1:2003: wsasend: An existing connection was forcibly closed by the remote host. 
[GIN] 2024/03/11 - 09:13:18 | 200 |    1.9022741s |       127.0.0.1 | GET      "/d/root/PUBLIC_WITH_PASS/UDEMY/KHOÁ HỌC CỦA JAVALOG/Cấu trúc Dữ liệu và Giải thuật với Java/CHƯƠNG 01 MẢNG VÀ MỘT SỐ PHƯƠNG PHÁP GIẢI QUYẾT VẤN ĐỀ/Bài 1.1. Mảng 1 chiều/D l1 1ex.mkv?sign=2-m1Lz5naHx-7vhQzmbxZQY3iIhmcgg5QQe3DSWidPw=:0"
Error #01: write tcp 127.0.0.1:5244->127.0.0.1:2003: wsasend: An existing connection was forcibly closed by the remote host.
[31mERRO[0m[2024-03-11 09:13:20] write tcp [::1]:5244->[::1]:2006: wsasend: An existing connection was forcibly closed by the remote host. 
[GIN] 2024/03/11 - 09:13:20 | 200 |    1.7100265s |             ::1 | GET      "/d/root/PUBLIC_WITH_PASS/UDEMY/KHOÁ HỌC CỦA JAVALOG/Cấu trúc Dữ liệu và Giải thuật với Java/CHƯƠNG 01 MẢNG VÀ MỘT SỐ PHƯƠNG PHÁP GIẢI QUYẾT VẤN ĐỀ/Bài 1.1. Mảng 1 chiều/D l1 1ex.mkv?sign=2-m1Lz5naHx-7vhQzmbxZQY3iIhmcgg5QQe3DSWidPw=:0"
Error #01: write tcp [::1]:5244->[::1]:2006: wsasend: An existing connection was forcibly closed by the remote host.
[GIN] 2024/03/11 - 09:13:27 | 200 |    7.5041231s |             ::1 | GET      "/d/root/PUBLIC_WITH_PASS/UDEMY/KHOÁ HỌC CỦA JAVALOG/Cấu trúc Dữ liệu và Giải thuật với Java/CHƯƠNG 01 MẢNG VÀ MỘT SỐ PHƯƠNG PHÁP GIẢI QUYẾT VẤN ĐỀ/Bài 1.1. Mảng 1 chiều/D l1 1ex.mkv?sign=2-m1Lz5naHx-7vhQzmbxZQY3iIhmcgg5QQe3DSWidPw=:0"
